[DEBUG] Login success. Username: admin, Previous Login: 2025-12-09 17:23:18.313769, New Last Login: 2025-12-11 09:50:05.449065, ReadOnly: False
CRITICAL: Unhandled exception
Traceback (most recent call last):
  File "C:\Users\Coemi\Desktop\SCRIPT\formazione_coemi\desktop_app\views\login_view.py", line 857, in on_login_success
    self._animate_success_exit()
  File "C:\Users\Coemi\Desktop\SCRIPT\formazione_coemi\desktop_app\views\login_view.py", line 870, in _animate_success_exit
    self.opacity_effect = QGraphicsOpacityEffect(self.container)
                          ^^^^^^^^^^^^^^^^^^^^^^^^^^^^^^^^^^^^^^
RuntimeError: wrapped C/C++ object of type QFrame has been deleted

During handling of the above exception, another exception occurred:

Traceback (most recent call last):
  File "C:\Users\Coemi\Desktop\SCRIPT\formazione_coemi\desktop_app\views\login_view.py", line 862, in on_login_success
    self._on_login_error(str(e))
  File "C:\Users\Coemi\Desktop\SCRIPT\formazione_coemi\desktop_app\views\login_view.py", line 756, in _on_login_error
    self.login_btn.set_loading(False)
  File "C:\Users\Coemi\Desktop\SCRIPT\formazione_coemi\desktop_app\components\animated_widgets.py", line 57, in set_loading
    self.setEnabled(not loading)
RuntimeError: wrapped C/C++ object of type AnimatedButton has been deleted
CRITICAL: Unhandled exception
Traceback (most recent call last):
  File "C:\Users\Coemi\Desktop\SCRIPT\formazione_coemi\desktop_app\views\login_view.py", line 857, in on_login_success
    self._animate_success_exit()
  File "C:\Users\Coemi\Desktop\SCRIPT\formazione_coemi\desktop_app\views\login_view.py", line 870, in _animate_success_exit
    self.opacity_effect = QGraphicsOpacityEffect(self.container)
                          ^^^^^^^^^^^^^^^^^^^^^^^^^^^^^^^^^^^^^^
RuntimeError: wrapped C/C++ object of type QFrame has been deleted

During handling of the above exception, another exception occurred:

Traceback (most recent call last):
  File "C:\Users\Coemi\Desktop\SCRIPT\formazione_coemi\desktop_app\views\login_view.py", line 862, in on_login_success
    self._on_login_error(str(e))
  File "C:\Users\Coemi\Desktop\SCRIPT\formazione_coemi\desktop_app\views\login_view.py", line 756, in _on_login_error
    self.login_btn.set_loading(False)
  File "C:\Users\Coemi\Desktop\SCRIPT\formazione_coemi\desktop_app\components\animated_widgets.py", line 57, in set_loading
    self.setEnabled(not loading)
RuntimeError: wrapped C/C++ object of type AnimatedButton has been deleted
[CRITICAL] Unhandled exception: <class 'RuntimeError'>, wrapped C/C++ object of type AnimatedButton has been deleted
  File "C:\Users\Coemi\Desktop\SCRIPT\formazione_coemi\desktop_app\views\login_view.py", line 862, in on_login_success
    self._on_login_error(str(e))
  File "C:\Users\Coemi\Desktop\SCRIPT\formazione_coemi\desktop_app\views\login_view.py", line 756, in _on_login_error
    self.login_btn.set_loading(False)
  File "C:\Users\Coemi\Desktop\SCRIPT\formazione_coemi\desktop_app\components\animated_widgets.py", line 57, in set_loading
    self.setEnabled(not loading)
[CRITICAL] Attempting emergency DB cleanup...