<?xml version="1.0" encoding="utf-8"?><testsuites name="pytest tests"><testsuite name="pytest" errors="0" failures="0" skipped="0" tests="580" time="106.924" timestamp="2025-12-08T19:29:34.941539+00:00" hostname="runnervmoqczp"><testcase classname="tests.app.api.routers.test_app_config" name="test_get_updater_config" time="0.029" /><testcase classname="tests.app.api.routers.test_app_config" name="test_get_mutable_config_as_admin" time="0.024" /><testcase classname="tests.app.api.routers.test_app_config" name="test_get_mutable_config_as_non_admin" time="0.012" /><testcase classname="tests.app.api.routers.test_app_config" name="test_update_mutable_config_as_admin" time="0.018" /><testcase classname="tests.app.api.routers.test_app_config" name="test_update_mutable_config_as_non_admin" time="0.012" /><testcase classname="tests.app.api.routers.test_app_config" name="test_update_mutable_config_with_invalid_data" time="0.013" /><testcase classname="tests.app.api.routers.test_app_config" name="test_update_mutable_config_with_empty_body" time="0.013" /><testcase classname="tests.app.api.routers.test_audit_edge_cases" name="test_export_audit_logs_empty" time="0.022" /><testcase classname="tests.app.api.routers.test_audit_edge_cases" name="test_read_audit_logs_end_date_midnight" time="0.022" /><testcase classname="tests.app.api.routers.test_auth_router" name="test_login_success" time="0.545" /><testcase classname="tests.app.api.routers.test_auth_router" name="test_login_failure" time="0.029" /><testcase classname="tests.app.api.routers.test_auth_router" name="test_login_brute_force_detection" time="0.069" /><testcase classname="tests.app.api.routers.test_auth_router" name="test_logout" time="0.020" /><testcase classname="tests.app.api.routers.test_auth_router" name="test_change_password_success" time="1.037" /><testcase classname="tests.app.api.routers.test_auth_router" name="test_change_password_wrong_old" time="0.526" /><testcase classname="tests.app.api.routers.test_auth_security_critical" name="test_brute_force_detection" time="1.858" /><testcase classname="tests.app.api.routers.test_auth_security_critical" name="test_login_session_locked" time="0.534" /><testcase classname="tests.app.api.routers.test_auth_security_critical" name="test_login_session_unlocked" time="0.533" /><testcase classname="tests.app.api.routers.test_auth_security_critical" name="test_logout_cleanup_called" time="0.540" /><testcase classname="tests.app.api.routers.test_chat" name="test_chat_endpoint_success" time="0.015" /><testcase classname="tests.app.api.routers.test_chat" name="test_chat_endpoint_error" time="0.014" /><testcase classname="tests.app.api.routers.test_config" name="test_move_database_endpoint" time="0.020" /><testcase classname="tests.app.api.routers.test_notifications" name="test_send_manual_alert_success" time="0.014" /><testcase classname="tests.app.api.routers.test_routers_complete" name="test_get_audit_logs_filters" time="0.032" /><testcase classname="tests.app.api.routers.test_routers_complete" name="test_audit_logs_export" time="0.016" /><testcase classname="tests.app.api.routers.test_routers_complete" name="test_system_maintenance" time="0.027" /><testcase classname="tests.app.api.routers.test_routers_complete" name="test_system_lock_status" time="0.013" /><testcase classname="tests.app.api.routers.test_routers_complete" name="test_system_optimize" time="0.019" /><testcase classname="tests.app.api.routers.test_routers_complete" name="test_system_open_action" time="0.014" /><testcase classname="tests.app.api.routers.test_routers_complete" name="test_toggle_security_mode" time="0.018" /><testcase classname="tests.app.api.routers.test_stats_full" name="test_get_stats_summary_logic" time="0.042" /><testcase classname="tests.app.api.routers.test_stats_full" name="test_get_compliance_by_category_logic" time="0.023" /><testcase classname="tests.app.api.routers.test_system" name="test_optimize_endpoint_async" time="0.002" /><testcase classname="tests.app.api.routers.test_system_edge_cases" name="test_open_action_ipc_import_error" time="0.013" /><testcase classname="tests.app.api.routers.test_system_edge_cases" name="test_open_action_generic_exception" time="0.013" /><testcase classname="tests.app.api.routers.test_users_full" name="test_read_users" time="0.018" /><testcase classname="tests.app.api.routers.test_users_full" name="test_create_user_success" time="0.274" /><testcase classname="tests.app.api.routers.test_users_full" name="test_create_user_duplicate" time="0.017" /><testcase classname="tests.app.api.routers.test_users_full" name="test_update_user_success" time="0.022" /><testcase classname="tests.app.api.routers.test_users_full" name="test_update_user_password" time="0.531" /><testcase classname="tests.app.api.routers.test_users_full" name="test_update_user_duplicate_username" time="0.020" /><testcase classname="tests.app.api.routers.test_users_full" name="test_update_user_not_found" time="0.016" /><testcase classname="tests.app.api.routers.test_users_full" name="test_delete_user_success" time="0.021" /><testcase classname="tests.app.api.routers.test_users_full" name="test_delete_user_self_prevention" time="0.015" /><testcase classname="tests.app.api.routers.test_users_full" name="test_delete_user_not_found" time="0.015" /><testcase classname="tests.app.api.test_audit_advanced" name="test_audit_log_filtering" time="0.039" /><testcase classname="tests.app.api.test_auth_flow" name="test_login_updates_previous_access" time="0.805" /><testcase classname="tests.app.api.test_csv_dates" name="test_csv_import_flexible_dates" time="0.036" /><testcase classname="tests.app.api.test_csv_import_linking" name="test_csv_import_links_orphaned_certificates" time="0.052" /><testcase classname="tests.app.api.test_csv_matricola_update" name="test_csv_rehiring_update_matricola" time="0.024" /><testcase classname="tests.app.api.test_csv_matricola_update" name="test_csv_duplicate_error" time="0.023" /><testcase classname="tests.app.api.test_csv_matricola_update" name="test_csv_broad_effect_linking" time="0.030" /><testcase classname="tests.app.api.test_csv_orphan_sync" name="test_csv_import_moves_orphan_file" time="0.026" /><testcase classname="tests.app.api.test_delete_cert_file_cleanup" name="test_delete_certificate_deletes_file" time="0.023" /><testcase classname="tests.app.api.test_dipendenti" name="test_dipendenti_crud" time="0.053" /><testcase classname="tests.app.api.test_dipendenti_csv_import" name="test_csv_import_with_hiring_date" time="0.024" /><testcase classname="tests.app.api.test_employee_hooks" name="test_create_employee_links_orphan" time="0.026" /><testcase classname="tests.app.api.test_employee_update_on_import" name="test_employee_update_on_csv_import" time="0.021" /><testcase classname="tests.app.api.test_main" name="test_create_certificato" time="0.033" /><testcase classname="tests.app.api.test_main" name="test_validate_certificato" time="0.029" /><testcase classname="tests.app.api.test_main" name="test_update_certificato" time="0.033" /><testcase classname="tests.app.api.test_main" name="test_update_certificato_disassociates_employee" time="0.034" /><testcase classname="tests.app.api.test_main" name="test_create_duplicate_certificato_fails" time="0.034" /><testcase classname="tests.app.api.test_main" name="test_upload_pdf_visita_medica" time="0.022" /><testcase classname="tests.app.api.test_main" name="test_create_certificato_invalid_payload[payload_override0-422-La data di rilascio non pu\xf2 essere vuota.]" time="0.019" /><testcase classname="tests.app.api.test_main" name="test_create_certificato_invalid_payload[payload_override1-422-Formato data non valido]" time="0.019" /><testcase classname="tests.app.api.test_main" name="test_create_certificato_invalid_payload[payload_override2-422-String should have at least 1 character]" time="0.019" /><testcase classname="tests.app.api.test_main" name="test_create_certificato_invalid_payload[payload_override3-400-Formato nome non valido]" time="0.019" /><testcase classname="tests.app.api.test_main" name="test_update_data_scadenza_variations[15/12/2030-db_out0-15/12/2030]" time="0.032" /><testcase classname="tests.app.api.test_main" name="test_update_data_scadenza_variations[None-None-None0]" time="0.033" /><testcase classname="tests.app.api.test_main" name="test_update_data_scadenza_variations[-None-None]" time="0.033" /><testcase classname="tests.app.api.test_main" name="test_update_data_scadenza_variations[None-None-None1]" time="0.032" /><testcase classname="tests.app.api.test_main" name="test_update_data_scadenza_variations[none-None-None]" time="0.031" /><testcase classname="tests.app.api.test_main" name="test_upload_pdf" time="0.023" /><testcase classname="tests.app.api.test_main" name="test_get_certificati_includes_orphaned" time="0.029" /><testcase classname="tests.app.api.test_main" name="test_duplicate_check_for_orphaned_certs" time="0.046" /><testcase classname="tests.app.api.test_main" name="test_orphaned_certificate_retains_raw_data" time="0.033" /><testcase classname="tests.app.api.test_main" name="test_api_returns_failure_reason_for_orphaned_certs" time="0.034" /><testcase classname="tests.app.api.test_main" name="test_validate_orphaned_certificate" time="0.026" /><testcase classname="tests.app.api.test_main" name="test_get_single_orphaned_certificate" time="0.021" /><testcase classname="tests.app.api.test_main_errors" name="test_update_certificato_not_found" time="0.015" /><testcase classname="tests.app.api.test_main_errors" name="test_update_certificato_invalid_name" time="0.025" /><testcase classname="tests.app.api.test_main_errors" name="test_update_certificato_invalid_category" time="0.021" /><testcase classname="tests.app.api.test_main_errors" name="test_valida_certificato_not_found" time="0.014" /><testcase classname="tests.app.api.test_main_errors" name="test_delete_certificato_not_found" time="0.013" /><testcase classname="tests.app.api.test_main_errors" name="test_import_dipendenti_csv_invalid_extension" time="0.015" /><testcase classname="tests.app.api.test_main_errors" name="test_upload_pdf_ai_error" time="0.015" /><testcase classname="tests.app.api.test_orphans" name="test_orphans_visibility" time="0.018" /><testcase classname="tests.app.api.test_orphans" name="test_csv_import_links_orphans" time="0.026" /><testcase classname="tests.app.api.test_orphans" name="test_csv_import_upsert" time="0.023" /><testcase classname="tests.app.api.test_realtime_archiving" name="test_realtime_archiving_on_create" time="0.030" /><testcase classname="tests.app.api.test_realtime_archiving" name="test_audit_cleanup" time="0.012" /><testcase classname="tests.app.api.test_reproduce_homonym_bug" name="test_update_certificato_homonym_linking" time="0.026" /><testcase classname="tests.app.api.test_reproduce_homonym_bug" name="test_update_certificato_data_nascita" time="0.023" /><testcase classname="tests.app.api.test_schemas" name="test_certificato_create_schema_valid" time="0.001" /><testcase classname="tests.app.api.test_schemas" name="test_certificato_create_schema_missing_fields" time="0.001" /><testcase classname="tests.app.api.test_schemas" name="test_certificato_create_schema_invalid_date_format" time="0.001" /><testcase classname="tests.app.api.test_update_cert_file_sync" name="test_update_certificate_moves_file" time="0.025" /><testcase classname="tests.app.api.test_update_cert_file_sync" name="test_find_document_direct" time="0.001" /><testcase classname="tests.app.api.test_update_orphan_name" name="test_update_orphan_certificate_name" time="0.037" /><testcase classname="tests.app.api.test_user_updates" name="test_update_user_duplicate_username" time="0.527" /><testcase classname="tests.app.core.test_core_config" name="test_immutable_settings_are_hardcoded" time="0.002" /><testcase classname="tests.app.core.test_core_config" name="test_mutable_settings_creation_on_first_run" time="0.002" /><testcase classname="tests.app.core.test_core_config" name="test_mutable_settings_loading_from_existing_file" time="0.002" /><testcase classname="tests.app.core.test_core_config" name="test_mutable_settings_update_and_save" time="0.002" /><testcase classname="tests.app.core.test_core_config" name="test_handles_corrupted_settings_file" time="0.002" /><testcase classname="tests.app.core.test_core_config" name="test_migration_of_legacy_gemini_key" time="0.002" /><testcase classname="tests.app.core.test_core_config" name="test_github_token_is_revealed_at_runtime" time="0.002" /><testcase classname="tests.app.core.test_core_config" name="test_gemini_api_key_is_revealed_at_runtime" time="0.002" /><testcase classname="tests.app.core.test_db_backup" name="test_backup_filename_format" time="0.004" /><testcase classname="tests.app.core.test_db_security" name="test_in_memory_lifecycle" time="0.013" /><testcase classname="tests.app.core.test_db_security" name="test_lock_enables_read_only" time="1.509" /><testcase classname="tests.app.core.test_db_security" name="test_pre_login_safety" time="0.006" /><testcase classname="tests.app.core.test_db_security" name="test_stale_lock_recovery" time="0.003" /><testcase classname="tests.app.core.test_db_security_advanced" name="test_acquire_session_lock_success" time="0.003" /><testcase classname="tests.app.core.test_db_security_advanced" name="test_acquire_session_lock_failure" time="0.002" /><testcase classname="tests.app.core.test_db_security_advanced" name="test_save_to_disk_read_only_blocked" time="0.002" /><testcase classname="tests.app.core.test_db_security_advanced" name="test_save_to_disk_success" time="0.004" /><testcase classname="tests.app.core.test_db_security_advanced" name="test_cleanup_calls_release" time="0.002" /><testcase classname="tests.app.core.test_db_security_advanced" name="test_stale_lock_recovery_active_process" time="0.004" /><testcase classname="tests.app.core.test_db_security_advanced" name="test_stale_lock_recovery_dead_process" time="0.005" /><testcase classname="tests.app.core.test_db_security_coverage" name="test_stale_lock_respects_valid_process" time="0.003" /><testcase classname="tests.app.core.test_db_security_coverage" name="test_stale_lock_removes_dead_process" time="0.003" /><testcase classname="tests.app.core.test_db_security_coverage" name="test_stale_lock_removes_unrelated_process" time="0.004" /><testcase classname="tests.app.core.test_db_security_coverage" name="test_deserialize_failure" time="0.004" /><testcase classname="tests.app.core.test_db_security_coverage" name="test_deserialize_not_supported" time="0.004" /><testcase classname="tests.app.core.test_db_security_deep_edges" name="test_get_connection_deserialize_missing" time="0.003" /><testcase classname="tests.app.core.test_db_security_deep_edges" name="test_get_connection_deserialize_error" time="0.004" /><testcase classname="tests.app.core.test_db_security_deep_edges" name="test_load_memory_db_read_error" time="0.003" /><testcase classname="tests.app.core.test_db_security_deep_edges" name="test_safe_write_os_replace_windows_error" time="0.004" /><testcase classname="tests.app.core.test_db_security_edge_cases" name="test_stale_lock_corrupt_json" time="0.003" /><testcase classname="tests.app.core.test_db_security_edge_cases" name="test_read_only_save_blocked" time="0.003" /><testcase classname="tests.app.core.test_db_security_edge_cases" name="test_save_disk_failure" time="0.003" /><testcase classname="tests.app.core.test_db_security_failures.TestDBSecurityFailures" name="test_backup_rotation_failure" time="0.004" /><testcase classname="tests.app.core.test_db_security_failures.TestDBSecurityFailures" name="test_heartbeat_failure_triggers_readonly" time="0.004" /><testcase classname="tests.app.core.test_db_security_failures.TestDBSecurityFailures" name="test_load_memory_db_decryption_failure" time="0.006" /><testcase classname="tests.app.core.test_db_security_failures.TestDBSecurityFailures" name="test_load_memory_db_permission_error" time="0.003" /><testcase classname="tests.app.core.test_db_security_failures.TestDBSecurityFailures" name="test_move_database_failure_readonly" time="0.002" /><testcase classname="tests.app.core.test_db_security_failures.TestDBSecurityFailures" name="test_move_database_success" time="0.003" /><testcase classname="tests.app.core.test_db_security_failures.TestDBSecurityFailures" name="test_save_to_disk_read_only" time="0.003" /><testcase classname="tests.app.core.test_db_security_failures.TestDBSecurityFailures" name="test_save_to_disk_retry_on_permission_error" time="4.006" /><testcase classname="tests.app.core.test_db_security_failures.TestDBSecurityFailures" name="test_stale_lock_recovery_corrupt_json" time="0.005" /><testcase classname="tests.app.core.test_db_security_failures.TestDBSecurityFailures" name="test_stale_lock_recovery_dead_pid" time="0.005" /><testcase classname="tests.app.core.test_db_security_failures.TestDBSecurityFailures" name="test_stale_lock_recovery_unrelated_process" time="0.005" /><testcase classname="tests.app.core.test_db_security_failures.TestDBSecurityFailures" name="test_stale_lock_recovery_valid_process" time="0.005" /><testcase classname="tests.app.core.test_db_security_failures.TestDBSecurityFailures" name="test_verify_integrity_corrupt_sqlite" time="0.004" /><testcase classname="tests.app.core.test_db_security_integration" name="test_initialization_creates_files" time="0.002" /><testcase classname="tests.app.core.test_db_security_integration" name="test_full_encryption_cycle" time="0.005" /><testcase classname="tests.app.core.test_db_security_integration" name="test_verify_integrity" time="0.004" /><testcase classname="tests.app.core.test_db_security_integration" name="test_lock_acquisition_and_release" time="0.003" /><testcase classname="tests.app.core.test_db_security_integration" name="test_save_fails_if_read_only" time="0.002" /><testcase classname="tests.app.core.test_db_security_integration" name="test_stale_lock_recovery" time="0.003" /><testcase classname="tests.app.core.test_db_security_integration" name="test_stale_lock_respects_living_process" time="0.003" /><testcase classname="tests.app.core.test_lock_manager_deep" name="test_lock_byte_0_windows" time="0.004" /><testcase classname="tests.app.core.test_lock_manager_deep" name="test_acquire_generic_exception" time="0.002" /><testcase classname="tests.app.core.test_lock_manager_full" name="test_acquire_success" time="0.002" /><testcase classname="tests.app.core.test_lock_manager_full" name="test_acquire_failure_locked" time="0.003" /><testcase classname="tests.app.core.test_lock_manager_full" name="test_update_heartbeat_success" time="0.002" /><testcase classname="tests.app.core.test_lock_manager_full" name="test_update_heartbeat_split_brain" time="0.003" /><testcase classname="tests.app.core.test_lock_manager_full" name="test_update_heartbeat_not_locked" time="0.001" /><testcase classname="tests.app.core.test_lock_manager_full" name="test_release_removes_file" time="0.002" /><testcase classname="tests.app.core.test_lock_manager_full" name="test_write_metadata_failure" time="0.003" /><testcase classname="tests.app.core.test_lock_manager_full" name="test_read_metadata_corrupt_json" time="0.002" /><testcase classname="tests.app.core.test_lock_manager_full" name="test_release_handle_close_error" time="0.002" /><testcase classname="tests.app.core.test_lock_manager_full" name="test_acquire_retry_logic" time="0.003" /><testcase classname="tests.app.core.test_lock_manager_full" name="test_acquire_read_metadata_fail" time="0.002" /><testcase classname="tests.app.db.test_db_infrastructure" name="test_seed_database_new_admin" time="0.292" /><testcase classname="tests.app.db.test_db_infrastructure" name="test_seed_database_update_admin_password" time="1.050" /><testcase classname="tests.app.db.test_db_infrastructure" name="test_seed_database_courses" time="0.288" /><testcase classname="tests.app.db.test_db_infrastructure" name="test_migrate_schema_columns" time="0.004" /><testcase classname="tests.app.db.test_db_infrastructure" name="test_get_db_yields_session" time="0.001" /><testcase classname="tests.app.db.test_migration" name="test_migrate_schema_adds_column" time="0.010" /><testcase classname="tests.app.db.test_migration" name="test_smart_backfill_categories" time="0.009" /><testcase classname="tests.app.db.test_models" name="test_create_dipendente" time="0.009" /><testcase classname="tests.app.db.test_models" name="test_dipendente_matricola_unique" time="0.008" /><testcase classname="tests.app.db.test_models" name="test_create_corso" time="0.008" /><testcase classname="tests.app.db.test_models" name="test_corso_unique_constraint" time="0.008" /><testcase classname="tests.app.db.test_models" name="test_create_certificato" time="0.012" /><testcase classname="tests.app.db.test_models" name="test_orphan_certificato" time="0.009" /><testcase classname="tests.app.db.test_seeding" name="test_seed_database" time="0.295" /><testcase classname="tests.app.db.test_seeding" name="test_seed_idempotency" time="0.558" /><testcase classname="tests.app.db.test_seeding_update" name="test_seeding_updates_admin_password" time="1.558" /><testcase classname="tests.app.schemas.test_name_validation" name="test_name_validation" time="0.001" /><testcase classname="tests.app.services.test_ai_extraction" name="test_ai_extraction_list_handling" time="0.003" /><testcase classname="tests.app.services.test_ai_extraction" name="test_ai_extraction_nested_json" time="0.002" /><testcase classname="tests.app.services.test_ai_extraction" name="test_ai_dynamic_category" time="0.002" /><testcase classname="tests.app.services.test_ai_extraction_extended" name="test_gemini_client_singleton" time="0.002" /><testcase classname="tests.app.services.test_ai_extraction_extended" name="test_gemini_client_missing_key" time="0.003" /><testcase classname="tests.app.services.test_ai_extraction_extended" name="test_extract_entities_json_decode_error" time="0.002" /><testcase classname="tests.app.services.test_ai_extraction_extended" name="test_extract_entities_generic_exception" time="0.002" /><testcase classname="tests.app.services.test_ai_extraction_robustness" name="test_gemini_client_initialization_success" time="0.003" /><testcase classname="tests.app.services.test_ai_extraction_robustness" name="test_gemini_client_initialization_failure_no_key" time="0.002" /><testcase classname="tests.app.services.test_ai_extraction_robustness" name="test_gemini_client_initialization_generic_exception" time="0.003" /><testcase classname="tests.app.services.test_ai_extraction_robustness" name="test_extract_entities_valid_json" time="0.003" /><testcase classname="tests.app.services.test_ai_extraction_robustness" name="test_extract_entities_list_response" time="0.003" /><testcase classname="tests.app.services.test_ai_extraction_robustness" name="test_extract_entities_empty_list_response" time="0.003" /><testcase classname="tests.app.services.test_ai_extraction_robustness" name="test_extract_entities_reject_status" time="0.003" /><testcase classname="tests.app.services.test_ai_extraction_robustness" name="test_extract_entities_invalid_json" time="0.004" /><testcase classname="tests.app.services.test_ai_extraction_robustness" name="test_extract_entities_unknown_category_fallback" time="0.003" /><testcase classname="tests.app.services.test_ai_extraction_robustness" name="test_extract_entities_atex_category" time="0.003" /><testcase classname="tests.app.services.test_ai_extraction_robustness" name="test_extract_entities_resource_exhausted_retry" time="66.007" /><testcase classname="tests.app.services.test_ai_extraction_robustness" name="test_extract_entities_generic_exception" time="0.003" /><testcase classname="tests.app.services.test_ai_extraction_robustness" name="test_model_not_initialized" time="0.002" /><testcase classname="tests.app.services.test_audit_cleanup_size" name="test_audit_cleanup_size_limit" time="0.018" /><testcase classname="tests.app.services.test_certificate_logic" name="test_calculate_expiration_date" time="0.001" /><testcase classname="tests.app.services.test_certificate_logic" name="test_calculate_expiration_date_returns_date_object" time="0.001" /><testcase classname="tests.app.services.test_certificate_logic" name="test_calculate_expiration_none" time="0.001" /><testcase classname="tests.app.services.test_certificate_logic" name="test_get_certificate_status" time="0.014" /><testcase classname="tests.app.services.test_certificate_logic" name="test_get_certificate_status_archiviato" time="0.012" /><testcase classname="tests.app.services.test_certificate_logic" name="test_orphan_certificates_not_renewed_by_others" time="0.010" /><testcase classname="tests.app.services.test_certificate_logic" name="test_infinite_validity_status" time="0.013" /><testcase classname="tests.app.services.test_certificate_logic" name="test_get_certificate_status_archiviato_by_expired" time="0.012" /><testcase classname="tests.app.services.test_certificate_logic" name="test_user_scenario_chain_ending_valid" time="0.015" /><testcase classname="tests.app.services.test_certificate_logic" name="test_user_scenario_chain_ending_expired" time="0.015" /><testcase classname="tests.app.services.test_certificate_logic" name="test_certificate_status_in_scadenza" time="0.010" /><testcase classname="tests.app.services.test_certificate_logic" name="test_certificate_status_attivo_outside_threshold" time="0.010" /><testcase classname="tests.app.services.test_certificate_logic" name="test_certificate_status_visita_medica_threshold" time="0.012" /><testcase classname="tests.app.services.test_certificate_logic_bulk" name="test_get_bulk_certificate_statuses" time="0.014" /><testcase classname="tests.app.services.test_certificate_logic_bulk" name="test_get_bulk_certificate_statuses_complex_chain" time="0.013" /><testcase classname="tests.app.services.test_chat_service_full" name="test_get_rag_context_empty_db" time="0.006" /><testcase classname="tests.app.services.test_chat_service_full" name="test_get_rag_context_with_data" time="0.007" /><testcase classname="tests.app.services.test_chat_service_full" name="test_chat_with_intelleo_success" time="0.002" /><testcase classname="tests.app.services.test_chat_service_full" name="test_chat_with_intelleo_missing_key" time="0.001" /><testcase classname="tests.app.services.test_chat_service_full" name="test_chat_with_intelleo_init_error" time="0.002" /><testcase classname="tests.app.services.test_chat_service_full" name="test_chat_with_intelleo_runtime_error" time="0.002" /><testcase classname="tests.app.services.test_daily_cleanup" name="test_clean_all_empty_folders" time="0.001" /><testcase classname="tests.app.services.test_daily_cleanup" name="test_daily_maintenance_calls_cleanup" time="0.011" /><testcase classname="tests.app.services.test_document_locator" name="test_find_document_success_active" time="0.001" /><testcase classname="tests.app.services.test_document_locator" name="test_find_document_success_fallback_status" time="0.001" /><testcase classname="tests.app.services.test_document_locator" name="test_find_document_missing_matricola" time="0.001" /><testcase classname="tests.app.services.test_document_locator" name="test_find_document_date_parsing_formats" time="0.001" /><testcase classname="tests.app.services.test_document_locator" name="test_find_document_in_error_folders" time="0.001" /><testcase classname="tests.app.services.test_document_locator" name="test_find_document_not_found" time="0.002" /><testcase classname="tests.app.services.test_document_locator_filename" name="test_find_document_sanitizes_path" time="0.001" /><testcase classname="tests.app.services.test_file_maintenance" name="test_organize_expired_files_no_db_path" time="0.002" /><testcase classname="tests.app.services.test_file_maintenance" name="test_organize_expired_files_move_success" time="0.011" /><testcase classname="tests.app.services.test_file_maintenance" name="test_organize_expired_files_already_archived" time="0.004" /><testcase classname="tests.app.services.test_file_maintenance" name="test_organize_expired_files_active_status" time="0.003" /><testcase classname="tests.app.services.test_file_maintenance_archive" name="test_organize_expired_files_moves_archived" time="0.005" /><testcase classname="tests.app.services.test_file_maintenance_frequency" name="test_maintenance_skips_if_already_ran" time="0.003" /><testcase classname="tests.app.services.test_file_maintenance_frequency" name="test_maintenance_runs_if_not_ran_today" time="0.009" /><testcase classname="tests.app.services.test_geo_service_full" name="test_get_location_localhost" time="0.001" /><testcase classname="tests.app.services.test_geo_service_full" name="test_get_location_no_db_file" time="0.001" /><testcase classname="tests.app.services.test_geo_service_full" name="test_get_location_db_found_success" time="0.002" /><testcase classname="tests.app.services.test_geo_service_full" name="test_get_location_db_found_partial_data" time="0.003" /><testcase classname="tests.app.services.test_geo_service_full" name="test_get_location_lookup_exception" time="0.001" /><testcase classname="tests.app.services.test_geo_service_full" name="test_close_reader" time="0.001" /><testcase classname="tests.app.services.test_matcher_compound" name="test_matcher_compound_surname_surname_first" time="0.009" /><testcase classname="tests.app.services.test_matcher_compound" name="test_matcher_compound_surname_name_first" time="0.009" /><testcase classname="tests.app.services.test_matcher_compound" name="test_matcher_complex_name" time="0.012" /><testcase classname="tests.app.services.test_matcher_compound" name="test_matcher_short_name" time="0.006" /><testcase classname="tests.app.services.test_matcher_compound" name="test_matcher_no_match" time="0.007" /><testcase classname="tests.app.services.test_matcher_compound" name="test_matcher_homonyms_ambiguity" time="0.009" /><testcase classname="tests.app.services.test_matcher_compound" name="test_matcher_homonyms_resolution" time="0.009" /><testcase classname="tests.app.services.test_matcher_compound" name="test_matcher_homonyms_dob_mismatch" time="0.008" /><testcase classname="tests.app.services.test_notification_service" name="test_generate_pdf_report_in_memory_success" time="0.012" /><testcase classname="tests.app.services.test_notification_service" name="test_generate_pdf_report_in_memory_missing_logo" time="0.005" /><testcase classname="tests.app.services.test_notification_service" name="test_send_email_notification_ssl" time="0.110" /><testcase classname="tests.app.services.test_notification_service" name="test_send_email_notification_starttls" time="0.004" /><testcase classname="tests.app.services.test_notification_service" name="test_check_and_send_alerts_success" time="0.010" /><testcase classname="tests.app.services.test_notification_service" name="test_check_and_send_alerts_pdf_gen_failure" time="0.011" /><testcase classname="tests.app.services.test_notification_service" name="test_check_and_send_alerts_locking" time="0.002" /><testcase classname="tests.app.services.test_notification_service_lock" name="test_race_condition_prevention" time="0.001" /><testcase classname="tests.app.services.test_notification_service_lock" name="test_normal_execution" time="0.002" /><testcase classname="tests.app.services.test_sync_overwrite" name="test_get_unique_filename_no_conflict" time="0.001" /><testcase classname="tests.app.services.test_sync_overwrite" name="test_get_unique_filename_conflict" time="0.001" /><testcase classname="tests.app.services.test_sync_service" name="test_sync_service_calls_bulk" time="0.005" /><testcase classname="tests.app.services.test_sync_service" name="test_file_move_permission_error" time="0.004" /><testcase classname="tests.app.services.test_sync_service" name="test_remove_empty_folders_safety" time="0.001" /><testcase classname="tests.app.services.test_sync_service_orphans" name="test_link_orphans_success" time="0.007" /><testcase classname="tests.app.services.test_sync_service_orphans" name="test_link_orphans_dob_mismatch" time="0.004" /><testcase classname="tests.app.services.test_sync_service_orphans" name="test_link_orphans_no_match" time="0.005" /><testcase classname="tests.app.services.test_sync_service_orphans" name="test_link_orphans_file_locked" time="0.006" /><testcase classname="tests.app.services.test_sync_service_orphans" name="test_link_orphans_file_not_found" time="0.007" /><testcase classname="tests.app.test_audit_enrichment" name="test_audit_log_enrichment" time="0.017" /><testcase classname="tests.app.test_audit_enrichment" name="test_critical_alert_trigger" time="0.017" /><testcase classname="tests.app.test_audit_enrichment" name="test_medium_alert_no_trigger" time="0.015" /><testcase classname="tests.app.test_coverage_final_gaps" name="test_get_current_user_deleted" time="0.009" /><testcase classname="tests.app.test_coverage_final_gaps" name="test_maintenance_already_running" time="0.012" /><testcase classname="tests.app.test_coverage_final_gaps" name="test_move_database_exception" time="0.015" /><testcase classname="tests.app.test_coverage_final_gaps" name="test_audit_categories_filtering" time="0.017" /><testcase classname="tests.app.test_critical_fixes" name="test_duplicate_certificate_conflict" time="0.030" /><testcase classname="tests.app.test_critical_fixes" name="test_homonym_resolution" time="0.054" /><testcase classname="tests.app.test_critical_fixes" name="test_csv_import_latin1" time="0.032" /><testcase classname="tests.app.test_critical_fixes" name="test_csv_size_limit" time="0.037" /><testcase classname="tests.app.test_critical_fixes" name="test_pdf_size_limit" time="0.107" /><testcase classname="tests.app.test_critical_fixes" name="test_pdf_date_correction" time="0.019" /><testcase classname="tests.app.test_critical_flows" name="test_concurrency_lock_failure" time="0.001" /><testcase classname="tests.app.test_critical_flows" name="test_save_blocked_in_read_only" time="0.001" /><testcase classname="tests.app.test_critical_flows" name="test_save_allowed_in_write_mode" time="0.002" /><testcase classname="tests.app.test_critical_flows" name="test_upload_does_not_persist" time="0.023" /><testcase classname="tests.app.test_heartbeat" name="test_heartbeat_mechanism" time="0.003" /><testcase classname="tests.app.test_heartbeat" name="test_lock_manager_heartbeat" time="0.103" /><testcase classname="tests.app.test_heartbeat" name="test_zombie_prevention" time="0.003" /><testcase classname="tests.app.test_heartbeat" name="test_uuid_mismatch" time="0.003" /><testcase classname="tests.app.test_heartbeat" name="test_read_failure_protection" time="0.003" /><testcase classname="tests.app.test_login_timestamp" name="test_login_previous_timestamp" time="1.166" /><testcase classname="tests.app.test_main_full" name="test_lifespan_success" time="0.008" /><testcase classname="tests.app.test_main_full" name="test_lifespan_db_load_failure_fatal" time="0.002" /><testcase classname="tests.app.test_main_full" name="test_lifespan_db_load_failure_non_fatal" time="0.297" /><testcase classname="tests.app.test_main_full" name="test_lifespan_seeding_failure" time="0.278" /><testcase classname="tests.app.test_main_full" name="test_lifespan_scheduler_shutdown_fail" time="0.278" /><testcase classname="tests.app.test_main_full" name="test_startup_error_middleware" time="0.004" /><testcase classname="tests.app.test_main_full" name="test_health_check_with_error" time="0.003" /><testcase classname="tests.app.test_main_full" name="test_maintenance_task" time="0.012" /><testcase classname="tests.app.test_main_full" name="test_maintenance_task_failure" time="0.003" /><testcase classname="tests.app.test_main_full" name="test_startup_error_middleware_ok" time="0.004" /><testcase classname="tests.app.test_maintenance_api" name="test_trigger_maintenance_endpoint" time="0.537" /><testcase classname="tests.app.test_new_category" name="test_seed_database_with_nomine" time="0.286" /><testcase classname="tests.app.test_new_category" name="test_extract_entities_with_ai_for_nomine" time="0.002" /><testcase classname="tests.app.test_password_change" name="test_change_own_password" time="1.835" /><testcase classname="tests.app.test_password_change" name="test_change_password_wrong_old" time="0.793" /><testcase classname="tests.app.test_security_anomalies" name="test_brute_force_detection" time="1.853" /><testcase classname="tests.app.test_security_anomalies" name="test_unauthorized_admin_access_logging" time="0.018" /><testcase classname="tests.app.test_security_features" name="test_logout_invalidates_token" time="0.551" /><testcase classname="tests.app.test_security_features" name="test_audit_logging_on_user_create" time="0.797" /><testcase classname="tests.app.utils.test_date_parser_extended" name="test_parse_date_ambiguous_italian" time="0.001" /><testcase classname="tests.app.utils.test_date_parser_extended" name="test_parse_date_fallback_dots" time="0.001" /><testcase classname="tests.app.utils.test_date_parser_extended" name="test_parse_date_iso" time="0.001" /><testcase classname="tests.app.utils.test_date_parser_extended" name="test_parse_date_slash_iso" time="0.001" /><testcase classname="tests.app.utils.test_file_security_full" name="test_verify_pdf" time="0.001" /><testcase classname="tests.app.utils.test_file_security_full" name="test_verify_csv_utf8" time="0.001" /><testcase classname="tests.app.utils.test_file_security_full" name="test_verify_csv_cp1252" time="0.001" /><testcase classname="tests.app.utils.test_file_security_full" name="test_verify_csv_binary_null" time="0.001" /><testcase classname="tests.app.utils.test_file_security_full" name="test_unknown_type" time="0.001" /><testcase classname="tests.app.utils.test_file_security_full" name="test_verify_csv_latin1_fallback" time="0.001" /><testcase classname="tests.app.utils.test_file_security_full" name="test_verify_csv_latin1_strict_fallback" time="0.001" /><testcase classname="tests.app.utils.test_logging" name="test_setup_logging_success" time="0.002" /><testcase classname="tests.app.utils.test_utils_coverage.TestUtils" name="test_parse_date_flexible" time="0.004" /><testcase classname="tests.app.utils.test_utils_coverage.TestUtils" name="test_verify_file_signature" time="0.001" /><testcase classname="tests.app.utils.test_utils_coverage.TestUtils" name="test_obfuscation" time="0.001" /><testcase classname="tests.app.utils.test_utils_coverage.TestUtils" name="test_log_security_action" time="0.004" /><testcase classname="tests.app.utils.test_utils_coverage.TestUtils" name="test_log_security_action_system" time="0.002" /><testcase classname="tests.core.test_lock_manager" name="test_lock_manager_release_deletes_file" time="0.003" /><testcase classname="tests.core.test_lock_manager" name="test_lock_manager_release_handles_missing_file" time="0.004" /><testcase classname="tests.core.test_lock_manager" name="test_lock_manager_release_handles_remove_error" time="0.003" /><testcase classname="tests.desktop_app.chat.test_chat_features.TestChatFeatures" name="test_chat_worker_run_error" time="0.003" /><testcase classname="tests.desktop_app.chat.test_chat_features.TestChatFeatures" name="test_chat_worker_run_success" time="0.003" /><testcase classname="tests.desktop_app.chat.test_chat_features.TestChatFeatures" name="test_chat_worker_tool_employee_details" time="0.002" /><testcase classname="tests.desktop_app.chat.test_chat_features.TestChatFeatures" name="test_chat_worker_tool_expiring_certs" time="0.002" /><testcase classname="tests.desktop_app.chat.test_chat_features.TestChatFeatures" name="test_chat_worker_tool_get_stats" time="0.002" /><testcase classname="tests.desktop_app.chat.test_chat_features.TestChatFeatures" name="test_controller_handles_error" time="0.002" /><testcase classname="tests.desktop_app.chat.test_chat_features.TestChatFeatures" name="test_controller_handles_response" time="0.003" /><testcase classname="tests.desktop_app.chat.test_chat_features.TestChatFeatures" name="test_controller_initialization" time="0.002" /><testcase classname="tests.desktop_app.chat.test_chat_features.TestChatFeatures" name="test_controller_receive_message_starts_worker" time="0.005" /><testcase classname="tests.desktop_app.chat.test_phonetic_utils.TestPhoneticNormalizer" name="test_normalize_basic" time="0.001" /><testcase classname="tests.desktop_app.chat.test_phonetic_utils.TestPhoneticNormalizer" name="test_normalize_errors" time="0.001" /><testcase classname="tests.desktop_app.chat.test_phonetic_utils.TestPhoneticNormalizer" name="test_normalize_mixed_case" time="0.001" /><testcase classname="tests.desktop_app.chat.test_phonetic_utils.TestPhoneticNormalizer" name="test_no_change" time="0.001" /><testcase classname="tests.desktop_app.components.test_neural_3d.TestNeuralNetwork3D" name="test_initialization" time="0.008" /><testcase classname="tests.desktop_app.components.test_neural_3d.TestNeuralNetwork3D" name="test_project_and_render" time="0.013" /><testcase classname="tests.desktop_app.components.test_neural_3d.TestNeuralNetwork3D" name="test_pulse_spawning" time="0.004" /><testcase classname="tests.desktop_app.components.test_neural_3d.TestNeuralNetwork3D" name="test_update_logic" time="0.004" /><testcase classname="tests.desktop_app.components.test_update_dialog.TestUpdateDialog" name="test_download_action" time="0.002" /><testcase classname="tests.desktop_app.components.test_update_dialog.TestUpdateDialog" name="test_init_and_labels" time="0.001" /><testcase classname="tests.desktop_app.services.test_infra_services.TestPathService" name="test_get_app_install_dir_frozen" time="0.001" /><testcase classname="tests.desktop_app.services.test_infra_services.TestPathService" name="test_get_app_install_dir_source" time="0.001" /><testcase classname="tests.desktop_app.services.test_infra_services.TestPathService" name="test_get_user_data_dir_windows" time="0.002" /><testcase classname="tests.desktop_app.services.test_infra_services.TestPathService" name="test_get_user_data_dir_linux" time="0.001" /><testcase classname="tests.desktop_app.services.test_infra_services.TestHardwareIdService" name="test_get_machine_id_windows_wmi" time="0.003" /><testcase classname="tests.desktop_app.services.test_infra_services.TestHardwareIdService" name="test_get_machine_id_fallback_mac" time="0.001" /><testcase classname="tests.desktop_app.services.test_infra_services.TestLicenseUpdaterService" name="test_update_license_no_config" time="0.001" /><testcase classname="tests.desktop_app.services.test_infra_services.TestLicenseUpdaterService" name="test_update_license_already_updated" time="0.005" /><testcase classname="tests.desktop_app.services.test_integrity_service.TestIntegrityService" name="test_verify_critical_components_valid" time="0.001" /><testcase classname="tests.desktop_app.services.test_integrity_service.TestIntegrityService" name="test_verify_detects_lambda_patch" time="0.001" /><testcase classname="tests.desktop_app.services.test_integrity_service.TestIntegrityService" name="test_verify_detects_non_function" time="0.001" /><testcase classname="tests.desktop_app.services.test_license_manager_full.TestLicenseManagerFull" name="test_get_license_data_found_user_dir" time="0.004" /><testcase classname="tests.desktop_app.services.test_license_manager_full.TestLicenseManagerFull" name="test_get_license_data_fallback" time="0.004" /><testcase classname="tests.desktop_app.services.test_license_manager_full.TestLicenseManagerFull" name="test_is_license_expiring_soon" time="0.001" /><testcase classname="tests.desktop_app.services.test_license_updater_coverage.TestLicenseUpdaterCoverage" name="test_load_config_from_api" time="0.001" /><testcase classname="tests.desktop_app.services.test_license_updater_coverage.TestLicenseUpdaterCoverage" name="test_load_config_missing_api_and_config" time="0.001" /><testcase classname="tests.desktop_app.services.test_license_updater_coverage.TestLicenseUpdaterCoverage" name="test_update_license_checksum_fail" time="0.008" /><testcase classname="tests.desktop_app.services.test_license_updater_coverage.TestLicenseUpdaterCoverage" name="test_update_license_no_token" time="0.001" /><testcase classname="tests.desktop_app.services.test_license_updater_coverage.TestLicenseUpdaterCoverage" name="test_update_license_success" time="0.009" /><testcase classname="tests.desktop_app.services.test_security_service.TestSecurityService" name="test_is_virtual_environment_detects_process" time="0.001" /><testcase classname="tests.desktop_app.services.test_security_service.TestSecurityService" name="test_is_virtual_environment_detects_file" time="0.001" /><testcase classname="tests.desktop_app.services.test_security_service.TestSecurityService" name="test_is_virtual_environment_clean" time="0.001" /><testcase classname="tests.desktop_app.services.test_security_service.TestSecurityService" name="test_is_analysis_tool_running_detects_wireshark" time="0.001" /><testcase classname="tests.desktop_app.services.test_security_service.TestSecurityService" name="test_is_debugger_active_detected" time="0.001" /><testcase classname="tests.desktop_app.services.test_security_service.TestSecurityService" name="test_is_debugger_active_clean" time="0.001" /><testcase classname="tests.desktop_app.services.test_sound_manager.TestSoundManager" name="test_generate_sounds_on_init" time="0.002" /><testcase classname="tests.desktop_app.services.test_sound_manager.TestSoundManager" name="test_on_speech_ready" time="0.048" /><testcase classname="tests.desktop_app.services.test_sound_manager.TestSoundManager" name="test_play_sound_disabled" time="0.047" /><testcase classname="tests.desktop_app.services.test_sound_manager.TestSoundManager" name="test_play_sound_enabled" time="0.047" /><testcase classname="tests.desktop_app.services.test_sound_manager.TestSoundManager" name="test_play_sound_missing" time="0.047" /><testcase classname="tests.desktop_app.services.test_sound_manager.TestSoundManager" name="test_singleton_initialization" time="0.046" /><testcase classname="tests.desktop_app.services.test_sound_manager.TestSoundManager" name="test_speak_starts_worker" time="0.048" /><testcase classname="tests.desktop_app.services.test_sound_manager.TestSoundManager" name="test_worker_run_no_edge_tts" time="0.002" /><testcase classname="tests.desktop_app.services.test_sound_manager.TestSoundManager" name="test_worker_run_success" time="0.004" /><testcase classname="tests.desktop_app.services.test_time_service_secure.TestSecureTimeStorage" name="test_save_state_encrypts" time="0.004" /><testcase classname="tests.desktop_app.services.test_time_service_secure.TestTimeServiceLogic" name="test_check_system_clock_online_success" time="0.111" /><testcase classname="tests.desktop_app.services.test_time_service_secure.TestTimeServiceLogic" name="test_check_system_clock_online_desync" time="0.051" /><testcase classname="tests.desktop_app.services.test_time_service_secure.TestTimeServiceLogic" name="test_check_system_clock_offline_success" time="0.029" /><testcase classname="tests.desktop_app.services.test_time_service_secure.TestTimeServiceLogic" name="test_check_system_clock_offline_expired" time="0.030" /><testcase classname="tests.desktop_app.services.test_time_service_secure.TestTimeServiceLogic" name="test_check_system_clock_offline_rollback" time="0.028" /><testcase classname="tests.desktop_app.services.test_voice_service" name="test_tts_worker_generation" time="0.004" /><testcase classname="tests.desktop_app.services.test_voice_service" name="test_voice_service_speak" time="0.005" /><testcase classname="tests.desktop_app.services.test_voice_service" name="test_voice_service_mute_toggle" time="0.002" /><testcase classname="tests.desktop_app.test_api_client" name="test_login_success" time="0.003" /><testcase classname="tests.desktop_app.test_api_client" name="test_set_token" time="0.002" /><testcase classname="tests.desktop_app.test_api_client" name="test_logout" time="0.003" /><testcase classname="tests.desktop_app.test_api_client" name="test_get_request" time="0.003" /><testcase classname="tests.desktop_app.test_api_client" name="test_create_dipendente" time="0.004" /><testcase classname="tests.desktop_app.test_api_client" name="test_handle_connection_error" time="0.003" /><testcase classname="tests.desktop_app.test_api_client" name="test_import_dipendenti_csv" time="0.005" /><testcase classname="tests.desktop_app.test_api_client_coverage.TestAPIClientCoverage" name="test_get_connection_error" time="0.002" /><testcase classname="tests.desktop_app.test_api_client_coverage.TestAPIClientCoverage" name="test_get_headers" time="0.002" /><testcase classname="tests.desktop_app.test_api_client_coverage.TestAPIClientCoverage" name="test_get_mutable_config" time="0.003" /><testcase classname="tests.desktop_app.test_api_client_coverage.TestAPIClientCoverage" name="test_get_success" time="0.003" /><testcase classname="tests.desktop_app.test_api_client_coverage.TestAPIClientCoverage" name="test_import_dipendenti_csv" time="0.005" /><testcase classname="tests.desktop_app.test_api_client_coverage.TestAPIClientCoverage" name="test_login_fail" time="0.002" /><testcase classname="tests.desktop_app.test_api_client_coverage.TestAPIClientCoverage" name="test_login_success" time="0.002" /><testcase classname="tests.desktop_app.test_api_client_coverage.TestAPIClientCoverage" name="test_logout" time="0.002" /><testcase classname="tests.desktop_app.test_api_client_coverage.TestAPIClientCoverage" name="test_move_database" time="0.003" /><testcase classname="tests.desktop_app.test_api_client_coverage.TestAPIClientCoverage" name="test_set_and_clear_token" time="0.002" /><testcase classname="tests.desktop_app.test_api_client_coverage.TestAPIClientCoverage" name="test_toggle_db_security" time="0.003" /><testcase classname="tests.desktop_app.test_boot_loader.TestBootLoader" name="test_main_failure" time="0.005" /><testcase classname="tests.desktop_app.test_boot_loader.TestBootLoader" name="test_main_success" time="0.002" /><testcase classname="tests.desktop_app.test_boot_loader.TestBootLoader" name="test_show_error_linux" time="0.002" /><testcase classname="tests.desktop_app.test_boot_loader.TestBootLoader" name="test_show_error_windows" time="0.003" /><testcase classname="tests.desktop_app.test_import_logic.TestPdfWorker" name="test_process_pdf_ai_failure" time="0.005" /><testcase classname="tests.desktop_app.test_import_logic.TestPdfWorker" name="test_process_pdf_manual_assignment" time="0.006" /><testcase classname="tests.desktop_app.test_import_logic.TestPdfWorker" name="test_process_pdf_no_expiration_nomine" time="0.007" /><testcase classname="tests.desktop_app.test_import_logic.TestPdfWorker" name="test_process_pdf_success_active" time="0.006" /><testcase classname="tests.desktop_app.test_import_logic.TestPdfWorker" name="test_process_pdf_success_expired_historical" time="0.006" /><testcase classname="tests.desktop_app.test_import_reject_txt.TestPdfWorkerReject" name="test_reject_creates_txt" time="0.005" /><testcase classname="tests.desktop_app.test_integration_new_features" name="test_sidebar_buttons_creation" time="0.016" /><testcase classname="tests.desktop_app.test_integration_new_features" name="test_sidebar_license_logic" time="0.008" /><testcase classname="tests.desktop_app.test_integration_new_features" name="test_sidebar_license_legacy_format" time="0.007" /><testcase classname="tests.desktop_app.test_launcher_app.TestLauncher" name="test_main_execution" time="0.010" /><testcase classname="tests.desktop_app.test_launcher_app.TestLauncher" name="test_verify_license_files" time="0.002" /><testcase classname="tests.desktop_app.test_launcher_app.TestLauncher" name="test_check_license_gatekeeper_valid" time="0.002" /><testcase classname="tests.desktop_app.test_launcher_app.TestLauncher" name="test_check_license_gatekeeper_invalid" time="0.003" /><testcase classname="tests.desktop_app.test_launcher_app.TestLauncher" name="test_find_free_port" time="0.002" /><testcase classname="tests.desktop_app.test_launcher_app.TestLauncher" name="test_startup_worker" time="0.005" /><testcase classname="tests.desktop_app.test_launcher_app.TestLauncher" name="test_check_port" time="0.003" /><testcase classname="tests.desktop_app.test_launcher_app.TestLauncher" name="test_initialize_new_database" time="0.004" /><testcase classname="tests.desktop_app.test_launcher_robustness.TestLauncherRobustness" name="test_check_license_gatekeeper_invalid_update_fail" time="0.004" /><testcase classname="tests.desktop_app.test_launcher_robustness.TestLauncherRobustness" name="test_check_license_gatekeeper_invalid_update_success" time="1.004" /><testcase classname="tests.desktop_app.test_launcher_robustness.TestLauncherRobustness" name="test_check_license_gatekeeper_valid" time="0.002" /><testcase classname="tests.desktop_app.test_launcher_robustness.TestLauncherRobustness" name="test_find_free_port_all_busy" time="0.002" /><testcase classname="tests.desktop_app.test_launcher_robustness.TestLauncherRobustness" name="test_find_free_port_success" time="0.002" /><testcase classname="tests.desktop_app.test_launcher_robustness.TestLauncherRobustness" name="test_startup_worker_health_fail" time="0.005" /><testcase classname="tests.desktop_app.test_launcher_robustness.TestLauncherRobustness" name="test_startup_worker_success" time="0.005" /><testcase classname="tests.desktop_app.test_launcher_robustness.TestLauncherRobustness" name="test_startup_worker_timeout" time="0.004" /><testcase classname="tests.desktop_app.test_launcher_robustness.TestLauncherRobustness" name="test_verify_license_files_none" time="0.002" /><testcase classname="tests.desktop_app.test_launcher_robustness.TestLauncherRobustness" name="test_verify_license_files_user_dir" time="0.001" /><testcase classname="tests.desktop_app.test_lyra.TestLyraRefactor" name="test_voice_service_disabled" time="0.002" /><testcase classname="tests.desktop_app.test_lyra.TestLyraRefactor" name="test_voice_service_speak" time="0.005" /><testcase classname="tests.desktop_app.test_main_controller" name="test_controller_initialization" time="0.006" /><testcase classname="tests.desktop_app.test_main_controller" name="test_start" time="0.006" /><testcase classname="tests.desktop_app.test_main_controller" name="test_login_success" time="0.010" /><testcase classname="tests.desktop_app.test_main_controller" name="test_logout" time="0.005" /><testcase classname="tests.desktop_app.test_main_controller" name="test_ipc_analyze" time="0.005" /><testcase classname="tests.desktop_app.test_main_controller" name="test_backend_health_check_failure" time="0.008" /><testcase classname="tests.desktop_app.test_main_controller" name="test_close_event" time="0.006" /><testcase classname="tests.desktop_app.test_main_window" name="test_mainwindow_init" time="0.161" /><testcase classname="tests.desktop_app.test_main_window" name="test_sidebar_init" time="0.021" /><testcase classname="tests.desktop_app.test_read_only_sim.TestReadOnlyEnforcement" name="test_application_controller_blocks_analysis" time="0.003" /><testcase classname="tests.desktop_app.test_read_only_sim.TestReadOnlyEnforcement" name="test_backend_permission_check" time="0.002" /><testcase classname="tests.desktop_app.test_read_only_sim.TestReadOnlyEnforcement" name="test_import_view_disables_controls" time="0.007" /><testcase classname="tests.desktop_app.test_read_only_sim.TestReadOnlyEnforcement" name="test_propagation_of_read_only_mode" time="0.004" /><testcase classname="tests.desktop_app.test_text_normalization.TestTextNormalization" name="test_end_of_word_preservation" time="0.001" /><testcase classname="tests.desktop_app.test_text_normalization.TestTextNormalization" name="test_markdown_interaction" time="0.001" /><testcase classname="tests.desktop_app.test_text_normalization.TestTextNormalization" name="test_phonetic_stress_removal" time="0.001" /><testcase classname="tests.desktop_app.test_text_normalization.TestTextNormalization" name="test_proparoxytone_handling" time="0.001" /><testcase classname="tests.desktop_app.test_text_normalization.TestTextNormalization" name="test_punctuation_interaction" time="0.001" /><testcase classname="tests.desktop_app.test_text_normalization.TestTextNormalization" name="test_specific_replacements" time="0.001" /><testcase classname="tests.desktop_app.test_toast" name="test_toast_manager_singleton" time="0.001" /><testcase classname="tests.desktop_app.test_toast" name="test_toast_history_persistence" time="0.017" /><testcase classname="tests.desktop_app.test_toast" name="test_toast_thread_safety" time="0.003" /><testcase classname="tests.desktop_app.test_toast" name="test_stacking_logic_call" time="0.006" /><testcase classname="tests.desktop_app.test_ui_and_bugs" name="test_toast_manager_singleton" time="0.001" /><testcase classname="tests.desktop_app.test_ui_and_bugs" name="test_sidebar_license_expired" time="0.008" /><testcase classname="tests.desktop_app.test_update_checker.TestUpdateChecker" name="test_check_for_updates_available" time="0.003" /><testcase classname="tests.desktop_app.test_update_checker.TestUpdateChecker" name="test_check_for_updates_none" time="0.003" /><testcase classname="tests.desktop_app.view_models.test_database_view_model.TestDatabaseViewModel" name="test_load_data_success" time="0.008" /><testcase classname="tests.desktop_app.view_models.test_database_view_model.TestDatabaseViewModel" name="test_filter_data" time="0.012" /><testcase classname="tests.desktop_app.view_models.test_database_view_model.TestDatabaseViewModel" name="test_delete_certificates" time="0.006" /><testcase classname="tests.desktop_app.views.test_anagrafica_view" name="test_initialization" time="0.003" /><testcase classname="tests.desktop_app.views.test_anagrafica_view" name="test_refresh_data" time="0.004" /><testcase classname="tests.desktop_app.views.test_anagrafica_view" name="test_filter_list" time="0.003" /><testcase classname="tests.desktop_app.views.test_anagrafica_view" name="test_select_employee" time="0.004" /><testcase classname="tests.desktop_app.views.test_anagrafica_view" name="test_create_new_employee" time="0.005" /><testcase classname="tests.desktop_app.views.test_anagrafica_view" name="test_update_employee" time="0.004" /><testcase classname="tests.desktop_app.views.test_anagrafica_view" name="test_delete_employee" time="0.004" /><testcase classname="tests.desktop_app.views.test_anagrafica_view" name="test_save_validation_error" time="0.003" /><testcase classname="tests.desktop_app.views.test_config_view" name="test_config_view_loads_settings_from_api" time="0.008" /><testcase classname="tests.desktop_app.views.test_config_view" name="test_config_view_saves_settings_via_api" time="0.007" /><testcase classname="tests.desktop_app.views.test_config_view_coverage.TestConfigViewCoverage" name="test_audit_export" time="0.010" /><testcase classname="tests.desktop_app.views.test_config_view_coverage.TestConfigViewCoverage" name="test_change_password_dialog" time="0.004" /><testcase classname="tests.desktop_app.views.test_config_view_coverage.TestConfigViewCoverage" name="test_import_csv_action" time="0.007" /><testcase classname="tests.desktop_app.views.test_config_view_coverage.TestConfigViewCoverage" name="test_load_config_populates_ui" time="0.005" /><testcase classname="tests.desktop_app.views.test_config_view_coverage.TestConfigViewCoverage" name="test_save_config_logic" time="0.006" /><testcase classname="tests.desktop_app.views.test_config_view_coverage.TestConfigViewCoverage" name="test_unsaved_changes_protection" time="0.004" /><testcase classname="tests.desktop_app.views.test_config_view_coverage.TestConfigViewCoverage" name="test_user_dialog_data" time="0.004" /><testcase classname="tests.desktop_app.views.test_config_view_interactions.TestConfigViewInteractions" name="test_audit_log_export" time="0.012" /><testcase classname="tests.desktop_app.views.test_config_view_interactions.TestConfigViewInteractions" name="test_audit_log_filters" time="0.007" /><testcase classname="tests.desktop_app.views.test_config_view_interactions.TestConfigViewInteractions" name="test_general_settings_validation" time="0.008" /><testcase classname="tests.desktop_app.views.test_config_view_interactions.TestConfigViewInteractions" name="test_save_config_no_changes" time="0.006" /><testcase classname="tests.desktop_app.views.test_config_view_interactions.TestConfigViewInteractions" name="test_user_management_add_user" time="0.007" /><testcase classname="tests.desktop_app.views.test_config_view_interactions.TestConfigViewInteractions" name="test_user_management_delete_other" time="0.006" /><testcase classname="tests.desktop_app.views.test_config_view_interactions.TestConfigViewInteractions" name="test_user_management_delete_self" time="0.006" /><testcase classname="tests.desktop_app.views.test_database_view_coverage.TestDatabaseViewCoverage" name="test_context_menu" time="0.020" /><testcase classname="tests.desktop_app.views.test_database_view_coverage.TestDatabaseViewCoverage" name="test_delete_action" time="0.016" /><testcase classname="tests.desktop_app.views.test_database_view_coverage.TestDatabaseViewCoverage" name="test_export_csv" time="0.017" /><testcase classname="tests.desktop_app.views.test_database_view_coverage.TestDatabaseViewCoverage" name="test_filters_trigger_load" time="0.008" /><testcase classname="tests.desktop_app.views.test_database_view_coverage.TestDatabaseViewCoverage" name="test_init_ui" time="0.007" /><testcase classname="tests.desktop_app.views.test_database_view_coverage.TestDatabaseViewCoverage" name="test_read_only_state" time="0.007" /><testcase classname="tests.desktop_app.views.test_database_view_coverage.TestDatabaseViewCoverage" name="test_table_model_data_handling" time="0.140" /><testcase classname="tests.desktop_app.views.test_database_view_coverage.TestDatabaseViewCoverage" name="test_update_table_view" time="0.013" /><testcase classname="tests.desktop_app.views.test_database_view_rendering" name="test_database_table_model_uppercase_and_no_escape" time="0.010" /><testcase classname="tests.desktop_app.views.test_import_view_advanced.TestImportViewAdvanced" name="test_pdf_worker_process_success" time="0.008" /><testcase classname="tests.desktop_app.views.test_import_view_advanced.TestImportViewAdvanced" name="test_pdf_worker_upload_failure" time="0.006" /><testcase classname="tests.desktop_app.views.test_import_view_advanced.TestImportViewAdvanced" name="test_process_dropped_files_start" time="0.007" /><testcase classname="tests.desktop_app.views.test_import_view_advanced.TestImportViewAdvanced" name="test_stop_processing" time="0.002" /><testcase classname="tests.desktop_app.views.test_import_view_logic.TestImportViewLogic" name="test_process_dropped_files_no_files" time="0.003" /><testcase classname="tests.desktop_app.views.test_import_view_logic.TestImportViewLogic" name="test_process_dropped_files_success" time="0.008" /><testcase classname="tests.desktop_app.views.test_import_view_logic.TestImportViewLogic" name="test_stop_processing" time="0.005" /><testcase classname="tests.desktop_app.views.test_login_view_coverage.TestLoginViewCoverage" name="test_force_password_change" time="0.012" /><testcase classname="tests.desktop_app.views.test_login_view_coverage.TestLoginViewCoverage" name="test_init_check_license" time="0.003" /><testcase classname="tests.desktop_app.views.test_login_view_coverage.TestLoginViewCoverage" name="test_license_update_trigger" time="0.003" /><testcase classname="tests.desktop_app.views.test_login_view_coverage.TestLoginViewCoverage" name="test_login_empty_credentials" time="0.004" /><testcase classname="tests.desktop_app.views.test_login_view_coverage.TestLoginViewCoverage" name="test_login_success_flow" time="0.004" /><testcase classname="tests.desktop_app.views.test_login_view_coverage.TestLoginViewCoverage" name="test_update_checker_integration" time="0.004" /><testcase classname="tests.desktop_app.views.test_login_view_license.TestLoginViewLicense" name="test_login_view_missing_license" time="0.012" /><testcase classname="tests.desktop_app.views.test_login_view_license.TestLoginViewLicense" name="test_login_view_reads_license" time="0.009" /><testcase classname="tests.desktop_app.views.test_login_view_logic.TestLoginViewLogic" name="test_handle_login_success" time="0.013" /><testcase classname="tests.desktop_app.views.test_login_view_logic.TestLoginViewLogic" name="test_handle_login_failure" time="0.012" /><testcase classname="tests.desktop_app.views.test_login_view_logic.TestLoginViewLogic" name="test_handle_login_empty" time="0.011" /><testcase classname="tests.desktop_app.views.test_login_view_logic.TestLoginViewLogic" name="test_on_login_success_read_only" time="0.011" /><testcase classname="tests.desktop_app.views.test_main_views" name="test_database_view_init" time="0.007" /><testcase classname="tests.desktop_app.views.test_main_views" name="test_validation_view_init" time="0.005" /><testcase classname="tests.desktop_app.views.test_main_views" name="test_scadenzario_view_init" time="0.008" /><testcase classname="tests.desktop_app.views.test_main_views" name="test_import_view_init" time="0.002" /><testcase classname="tests.desktop_app.views.test_main_views" name="test_config_view_init" time="0.005" /><testcase classname="tests.desktop_app.views.test_main_views" name="test_edit_dialog_init" time="0.001" /><testcase classname="tests.desktop_app.views.test_modern_guide_view.TestModernGuideView" name="test_init_dev_mode" time="0.002" /><testcase classname="tests.desktop_app.views.test_modern_guide_view.TestModernGuideView" name="test_init_frozen_mode" time="0.002" /><testcase classname="tests.desktop_app.views.test_modern_guide_view.TestModernGuideView" name="test_fallback_html" time="0.002" /><testcase classname="tests.desktop_app.views.test_scadenzario_logic" name="test_init" time="0.006" /><testcase classname="tests.desktop_app.views.test_scadenzario_logic" name="test_load_data_trigger" time="0.006" /><testcase classname="tests.desktop_app.views.test_scadenzario_logic" name="test_on_data_loaded_populates_tree" time="0.014" /><testcase classname="tests.desktop_app.views.test_scadenzario_logic" name="test_update_gantt_chart" time="0.012" /><testcase classname="tests.desktop_app.views.test_scadenzario_logic" name="test_export_pdf" time="0.007" /><testcase classname="tests.desktop_app.views.test_scadenzario_logic" name="test_send_manual_alert" time="0.006" /><testcase classname="tests.desktop_app.views.test_scadenzario_logic" name="test_send_manual_alert_success_handling" time="0.006" /><testcase classname="tests.desktop_app.views.test_scadenzario_logic" name="test_zoom_levels" time="0.005" /><testcase classname="tests.desktop_app.views.test_scadenzario_logic" name="test_read_only_mode" time="0.005" /><testcase classname="tests.desktop_app.views.test_splash_screen" name="test_splash_creation" time="0.006" /><testcase classname="tests.desktop_app.views.test_splash_screen" name="test_update_status" time="0.005" /><testcase classname="tests.desktop_app.views.test_splash_screen" name="test_show_error" time="0.006" /><testcase classname="tests.desktop_app.views.test_splash_screen" name="test_paint_event" time="0.008" /><testcase classname="tests.desktop_app.views.test_stats_view" name="test_stats_view_initialization" time="0.003" /><testcase classname="tests.desktop_app.views.test_stats_view" name="test_refresh_data_success" time="0.002" /><testcase classname="tests.desktop_app.views.test_stats_view" name="test_refresh_data_failure" time="0.002" /><testcase classname="tests.desktop_app.views.test_stats_view" name="test_show_event" time="0.002" /><testcase classname="tests.desktop_app.views.test_validation_view_actions" name="test_load_data_success" time="0.009" /><testcase classname="tests.desktop_app.views.test_validation_view_actions" name="test_load_data_error" time="0.012" /><testcase classname="tests.desktop_app.views.test_validation_view_actions" name="test_validate_selected" time="0.012" /><testcase classname="tests.desktop_app.views.test_validation_view_actions" name="test_delete_selected" time="0.012" /><testcase classname="tests.desktop_app.views.test_validation_view_actions" name="test_edit_data_success" time="0.013" /><testcase classname="tests.desktop_app.views.test_validation_view_actions" name="test_context_menu_open_pdf" time="0.013" /><testcase classname="tests.desktop_app.views.test_validation_view_actions" name="test_context_menu_open_folder" time="0.013" /><testcase classname="tests.desktop_app.views.test_validation_view_actions" name="test_action_completed_success" time="0.011" /><testcase classname="tests.desktop_app.views.test_validation_view_actions" name="test_action_completed_with_errors" time="0.156" /><testcase classname="tests.desktop_app.workers.test_workers.TestWorkers" name="test_fetch_worker_success" time="0.003" /><testcase classname="tests.desktop_app.workers.test_workers.TestWorkers" name="test_fetch_worker_failure" time="0.002" /><testcase classname="tests.desktop_app.workers.test_workers.TestWorkers" name="test_delete_worker" time="0.003" /><testcase classname="tests.desktop_app.workers.test_workers_extended.TestWorkersExtended" name="test_update_worker" time="0.004" /><testcase classname="tests.desktop_app.workers.test_workers_extended.TestWorkersExtended" name="test_validate_worker" time="0.003" /><testcase classname="tests.test_launcher_coverage.TestLauncherCoverage" name="test_check_port" time="0.003" /><testcase classname="tests.test_launcher_coverage.TestLauncherCoverage" name="test_find_free_port" time="0.002" /><testcase classname="tests.test_launcher_coverage.TestLauncherCoverage" name="test_startup_worker_failure" time="0.111" /><testcase classname="tests.test_launcher_coverage.TestLauncherCoverage" name="test_startup_worker_flow" time="0.030" /><testcase classname="tests.test_launcher_coverage.TestLauncherCoverage" name="test_verify_license_files" time="0.002" /><testcase classname="tests.tools.test_build_guide" name="test_build_guide_success" time="0.002" /><testcase classname="tests.tools.test_build_guide" name="test_build_guide_no_npm" time="0.001" /><testcase classname="tests.tools.test_build_guide" name="test_build_guide_subprocess_error" time="0.002" /><testcase classname="tests.tools.test_tools" name="test_create_assets" time="1.275" /></testsuite></testsuites>